<?xml version="1.0" encoding="UTF-8"?>
<testng-results ignored="0" total="5" passed="4" failed="1" skipped="0">
  <reporter-output>
  </reporter-output>
  <suite started-at="2023-10-10T10:10:03 IST" name="Testing Google Apps" finished-at="2023-10-10T10:10:32 IST" duration-ms="28574">
    <groups>
    </groups>
    <test started-at="2023-10-10T10:10:03 IST" name="Regression" finished-at="2023-10-10T10:10:32 IST" duration-ms="28574">
      <class name="testNGscripts.GooglePageTest">
        <test-method signature="AppiumTest()[pri:0, instance:testNGscripts.GooglePageTest@4abf3f0]" started-at="2023-10-10T10:10:03 IST" name="AppiumTest" finished-at="2023-10-10T10:10:10 IST" duration-ms="6934" status="PASS">
          <reporter-output>
          </reporter-output>
        </test-method> <!-- AppiumTest -->
        <test-method signature="CypressTest()[pri:0, instance:testNGscripts.GooglePageTest@4abf3f0]" started-at="2023-10-10T10:10:10 IST" name="CypressTest" finished-at="2023-10-10T10:10:15 IST" duration-ms="5305" status="PASS">
          <reporter-output>
          </reporter-output>
        </test-method> <!-- CypressTest -->
        <test-method signature="PythonTest()[pri:0, instance:testNGscripts.GooglePageTest@4abf3f0]" started-at="2023-10-10T10:10:15 IST" name="PythonTest" finished-at="2023-10-10T10:10:21 IST" duration-ms="5628" status="PASS">
          <reporter-output>
          </reporter-output>
        </test-method> <!-- PythonTest -->
        <test-method signature="javaSearchTest()[pri:0, instance:testNGscripts.GooglePageTest@4abf3f0]" started-at="2023-10-10T10:10:21 IST" name="javaSearchTest" finished-at="2023-10-10T10:10:25 IST" duration-ms="4190" status="PASS">
          <reporter-output>
          </reporter-output>
        </test-method> <!-- javaSearchTest -->
      </class> <!-- testNGscripts.GooglePageTest -->
      <class name="testNGscripts.SampleTwoTest">
        <test-method signature="cucumberSearchTest()[pri:0, instance:testNGscripts.SampleTwoTest@3ac04654]" started-at="2023-10-10T10:10:25 IST" name="cucumberSearchTest" finished-at="2023-10-10T10:10:32 IST" duration-ms="6480" status="FAIL">
          <exception class="java.lang.AssertionError">
            <message>
              <![CDATA[The following asserts failed:
expected [Google Page] but found [Google],
expected [Cucumber Tutorial] but found [Cucumber Tutorial - Google Search]]]>
            </message>
            <full-stacktrace>
              <![CDATA[java.lang.AssertionError: The following asserts failed:
expected [Google Page] but found [Google],
expected [Cucumber Tutorial] but found [Cucumber Tutorial - Google Search]
at org.testng.asserts.SoftAssert.assertAll(SoftAssert.java:46)
at org.testng.asserts.SoftAssert.assertAll(SoftAssert.java:30)
at testNGscripts.SampleTwoTest.cucumberSearchTest(SampleTwoTest.java:28)
at java.base/jdk.internal.reflect.NativeMethodAccessorImpl.invoke0(Native Method)
at java.base/jdk.internal.reflect.NativeMethodAccessorImpl.invoke(NativeMethodAccessorImpl.java:77)
at java.base/jdk.internal.reflect.DelegatingMethodAccessorImpl.invoke(DelegatingMethodAccessorImpl.java:43)
at java.base/java.lang.reflect.Method.invoke(Method.java:568)
at org.testng.internal.invokers.MethodInvocationHelper.invokeMethod(MethodInvocationHelper.java:139)
at org.testng.internal.invokers.TestInvoker.invokeMethod(TestInvoker.java:664)
at org.testng.internal.invokers.TestInvoker.invokeTestMethod(TestInvoker.java:227)
at org.testng.internal.invokers.MethodRunner.runInSequence(MethodRunner.java:50)
at org.testng.internal.invokers.TestInvoker$MethodInvocationAgent.invoke(TestInvoker.java:957)
at org.testng.internal.invokers.TestInvoker.invokeTestMethods(TestInvoker.java:200)
at org.testng.internal.invokers.TestMethodWorker.invokeTestMethods(TestMethodWorker.java:148)
at org.testng.internal.invokers.TestMethodWorker.run(TestMethodWorker.java:128)
at java.base/java.util.ArrayList.forEach(ArrayList.java:1511)
at org.testng.TestRunner.privateRun(TestRunner.java:848)
at org.testng.TestRunner.run(TestRunner.java:621)
at org.testng.SuiteRunner.runTest(SuiteRunner.java:443)
at org.testng.SuiteRunner.runSequentially(SuiteRunner.java:437)
at org.testng.SuiteRunner.privateRun(SuiteRunner.java:397)
at org.testng.SuiteRunner.run(SuiteRunner.java:336)
at org.testng.SuiteRunnerWorker.runSuite(SuiteRunnerWorker.java:52)
at org.testng.SuiteRunnerWorker.run(SuiteRunnerWorker.java:95)
at org.testng.TestNG.runSuitesSequentially(TestNG.java:1280)
at org.testng.TestNG.runSuitesLocally(TestNG.java:1200)
at org.testng.TestNG.runSuites(TestNG.java:1114)
at org.testng.TestNG.run(TestNG.java:1082)
at org.apache.maven.surefire.testng.TestNGExecutor.run(TestNGExecutor.java:308)
at org.apache.maven.surefire.testng.TestNGXmlTestSuite.execute(TestNGXmlTestSuite.java:71)
at org.apache.maven.surefire.testng.TestNGProvider.invoke(TestNGProvider.java:113)
at org.apache.maven.surefire.booter.ForkedBooter.runSuitesInProcess(ForkedBooter.java:385)
at org.apache.maven.surefire.booter.ForkedBooter.execute(ForkedBooter.java:162)
at org.apache.maven.surefire.booter.ForkedBooter.run(ForkedBooter.java:507)
at org.apache.maven.surefire.booter.ForkedBooter.main(ForkedBooter.java:495)
]]>
            </full-stacktrace>
          </exception> <!-- java.lang.AssertionError -->
          <reporter-output>
          </reporter-output>
        </test-method> <!-- cucumberSearchTest -->
      </class> <!-- testNGscripts.SampleTwoTest -->
    </test> <!-- Regression -->
  </suite> <!-- Testing Google Apps -->
</testng-results>
