<?xml version="1.0" encoding="UTF-8"?>
<!-- Generated by org.testng.reporters.JUnitXMLReporter -->
<testsuite ignored="0" hostname="DESKTOP-8IN91JR" failures="1" tests="5" name="Regression" time="28.574" errors="0" timestamp="2023-10-10T10:10:32 IST">
  <testcase classname="testNGscripts.GooglePageTest" name="AppiumTest" time="6.934"/>
  <testcase classname="testNGscripts.GooglePageTest" name="CypressTest" time="5.305"/>
  <testcase classname="testNGscripts.GooglePageTest" name="PythonTest" time="5.628"/>
  <testcase classname="testNGscripts.GooglePageTest" name="javaSearchTest" time="4.19"/>
  <testcase classname="testNGscripts.SampleTwoTest" name="cucumberSearchTest" time="6.48">
    <failure type="java.lang.AssertionError" message="The following asserts failed:
	expected [Google Page] but found [Google],
	expected [Cucumber Tutorial] but found [Cucumber Tutorial - Google Search]">
      <![CDATA[java.lang.AssertionError: The following asserts failed:
expected [Google Page] but found [Google],
expected [Cucumber Tutorial] but found [Cucumber Tutorial - Google Search]
at testNGscripts.SampleTwoTest.cucumberSearchTest(SampleTwoTest.java:28)
at java.base/java.util.ArrayList.forEach(ArrayList.java:1511)
... Removed 33 stack frames]]>
    </failure>
  </testcase> <!-- cucumberSearchTest -->
</testsuite> <!-- Regression -->
